<?xml version="1.0" encoding="UTF-8"?>
<testng-results skipped="0" failed="0" ignored="0" total="1" passed="1">
  <reporter-output>
  </reporter-output>
  <suite name="Default suite" duration-ms="22339" started-at="2020-07-05T09:25:03 IST" finished-at="2020-07-05T09:25:25 IST">
    <groups>
    </groups>
    <test name="Default test" duration-ms="22339" started-at="2020-07-05T09:25:03 IST" finished-at="2020-07-05T09:25:25 IST">
      <class name="com.sa.happytrip.tests.testcases.TestCase_08">
        <test-method status="PASS" signature="setup()[pri:0, instance:com.sa.happytrip.tests.testcases.TestCase_08@56aac163]" name="setup" is-config="true" duration-ms="9574" started-at="2020-07-05T09:25:03 IST" finished-at="2020-07-05T09:25:12 IST">
          <reporter-output>
          </reporter-output>
        </test-method> <!-- setup -->
        <test-method status="PASS" signature="ReadData8()[pri:0, instance:com.sa.happytrip.tests.testcases.TestCase_08@56aac163]" name="ReadData8" duration-ms="12587" started-at="2020-07-05T09:25:12 IST" finished-at="2020-07-05T09:25:25 IST">
          <reporter-output>
          </reporter-output>
        </test-method> <!-- ReadData8 -->
        <test-method status="PASS" signature="teardown()[pri:0, instance:com.sa.happytrip.tests.testcases.TestCase_08@56aac163]" name="teardown" is-config="true" duration-ms="100" started-at="2020-07-05T09:25:25 IST" finished-at="2020-07-05T09:25:25 IST">
          <reporter-output>
          </reporter-output>
        </test-method> <!-- teardown -->
      </class> <!-- com.sa.happytrip.tests.testcases.TestCase_08 -->
    </test> <!-- Default test -->
  </suite> <!-- Default suite -->
</testng-results>
